[2024-10-19 15:10:08] request.INFO: Matched route "admin_module_manage_action". {"route":"admin_module_manage_action","route_parameters":{"_route":"admin_module_manage_action","_controller":"PrestaShopBundle\\Controller\\Admin\\Improve\\ModuleController::moduleAction","action":"upgrade","module_name":"autoupgrade"},"request_uri":"http://multistore.local/admin77500/index.php/improve/modules/manage/action/upgrade/autoupgrade?_token=oUd68Xkn1VD4UipEjyPosq7XBWbg2XHc8TVpqridnnE&source=https%3A%2F%2Fapi.prestashop-project.org%2Fassets%2Fmodules%2Fautoupgrade%2Fv6.2.0%2Fautoupgrade.zip","method":"POST"} []
[2024-10-19 15:10:08] security.DEBUG: Read existing security token from the session. {"key":"_security_main","token_class":"Symfony\\Component\\Security\\Core\\Authentication\\Token\\UsernamePasswordToken"} []
[2024-10-19 15:10:08] security.DEBUG: User was reloaded from a user provider. {"provider":"PrestaShopBundle\\Security\\Admin\\EmployeeProvider","username":"bruno@life-style.pt"} []
[2024-10-19 15:10:08] http_client.INFO: Request: "HEAD https://api.prestashop-project.org/assets/modules/autoupgrade/v6.2.0/autoupgrade.zip" [] []
[2024-10-19 15:10:09] http_client.INFO: Response: "200 https://api.prestashop-project.org/assets/modules/autoupgrade/v6.2.0/autoupgrade.zip" [] []
[2024-10-19 15:10:09] http_client.INFO: Request: "GET https://api.prestashop-project.org/assets/modules/autoupgrade/v6.2.0/autoupgrade.zip" [] []
[2024-10-19 15:10:09] http_client.INFO: Response: "200 https://api.prestashop-project.org/assets/modules/autoupgrade/v6.2.0/autoupgrade.zip" [] []
[2024-10-19 15:10:13] request.CRITICAL: Uncaught PHP Exception Symfony\Component\ErrorHandler\Error\ClassNotFoundError: "Attempted to load class "ZipArchive" from the global namespace. Did you forget a "use" statement?" at C:\xampp\htdocs\lifestyle\src\Core\Module\SourceHandler\ZipSourceHandler.php line 89 {"exception":"[object] (Symfony\\Component\\ErrorHandler\\Error\\ClassNotFoundError(code: 0): Attempted to load class \"ZipArchive\" from the global namespace.\nDid you forget a \"use\" statement? at C:\\xampp\\htdocs\\lifestyle\\src\\Core\\Module\\SourceHandler\\ZipSourceHandler.php:89)"} []
[2024-10-19 15:10:13] security.DEBUG: Stored the security token in the session. {"key":"_security_main"} []
[2024-10-19 15:13:13] request.INFO: Matched route "admin_module_manage_action". {"route":"admin_module_manage_action","route_parameters":{"_route":"admin_module_manage_action","_controller":"PrestaShopBundle\\Controller\\Admin\\Improve\\ModuleController::moduleAction","action":"upgrade","module_name":"autoupgrade"},"request_uri":"http://multistore.local/admin77500/index.php/improve/modules/manage/action/upgrade/autoupgrade?_token=oUd68Xkn1VD4UipEjyPosq7XBWbg2XHc8TVpqridnnE&source=https%3A%2F%2Fapi.prestashop-project.org%2Fassets%2Fmodules%2Fautoupgrade%2Fv6.2.0%2Fautoupgrade.zip","method":"POST"} []
[2024-10-19 15:13:13] security.DEBUG: Read existing security token from the session. {"key":"_security_main","token_class":"Symfony\\Component\\Security\\Core\\Authentication\\Token\\UsernamePasswordToken"} []
[2024-10-19 15:13:13] security.DEBUG: User was reloaded from a user provider. {"provider":"PrestaShopBundle\\Security\\Admin\\EmployeeProvider","username":"bruno@life-style.pt"} []
[2024-10-19 15:13:13] http_client.INFO: Request: "HEAD https://api.prestashop-project.org/assets/modules/autoupgrade/v6.2.0/autoupgrade.zip" [] []
[2024-10-19 15:13:14] http_client.INFO: Response: "200 https://api.prestashop-project.org/assets/modules/autoupgrade/v6.2.0/autoupgrade.zip" [] []
[2024-10-19 15:13:14] http_client.INFO: Request: "GET https://api.prestashop-project.org/assets/modules/autoupgrade/v6.2.0/autoupgrade.zip" [] []
[2024-10-19 15:13:14] http_client.INFO: Response: "200 https://api.prestashop-project.org/assets/modules/autoupgrade/v6.2.0/autoupgrade.zip" [] []
[2024-10-19 15:13:17] request.CRITICAL: Uncaught PHP Exception Symfony\Component\ErrorHandler\Error\ClassNotFoundError: "Attempted to load class "ZipArchive" from the global namespace. Did you forget a "use" statement?" at C:\xampp\htdocs\lifestyle\src\Core\Module\SourceHandler\ZipSourceHandler.php line 89 {"exception":"[object] (Symfony\\Component\\ErrorHandler\\Error\\ClassNotFoundError(code: 0): Attempted to load class \"ZipArchive\" from the global namespace.\nDid you forget a \"use\" statement? at C:\\xampp\\htdocs\\lifestyle\\src\\Core\\Module\\SourceHandler\\ZipSourceHandler.php:89)"} []
[2024-10-19 15:13:17] security.DEBUG: Stored the security token in the session. {"key":"_security_main"} []
[2024-10-19 15:14:25] request.INFO: Matched route "admin_module_manage_action". {"route":"admin_module_manage_action","route_parameters":{"_route":"admin_module_manage_action","_controller":"PrestaShopBundle\\Controller\\Admin\\Improve\\ModuleController::moduleAction","action":"upgrade","module_name":"autoupgrade"},"request_uri":"http://multistore.local/admin77500/index.php/improve/modules/manage/action/upgrade/autoupgrade?_token=oUd68Xkn1VD4UipEjyPosq7XBWbg2XHc8TVpqridnnE&source=https%3A%2F%2Fapi.prestashop-project.org%2Fassets%2Fmodules%2Fautoupgrade%2Fv6.2.0%2Fautoupgrade.zip","method":"POST"} []
[2024-10-19 15:14:27] security.DEBUG: Read existing security token from the session. {"key":"_security_main","token_class":"Symfony\\Component\\Security\\Core\\Authentication\\Token\\UsernamePasswordToken"} []
[2024-10-19 15:14:27] security.DEBUG: User was reloaded from a user provider. {"provider":"PrestaShopBundle\\Security\\Admin\\EmployeeProvider","username":"bruno@life-style.pt"} []
[2024-10-19 15:14:27] http_client.INFO: Request: "HEAD https://api.prestashop-project.org/assets/modules/autoupgrade/v6.2.0/autoupgrade.zip" [] []
[2024-10-19 15:14:28] http_client.INFO: Response: "200 https://api.prestashop-project.org/assets/modules/autoupgrade/v6.2.0/autoupgrade.zip" [] []
[2024-10-19 15:14:28] http_client.INFO: Request: "GET https://api.prestashop-project.org/assets/modules/autoupgrade/v6.2.0/autoupgrade.zip" [] []
[2024-10-19 15:14:28] http_client.INFO: Response: "200 https://api.prestashop-project.org/assets/modules/autoupgrade/v6.2.0/autoupgrade.zip" [] []
[2024-10-19 15:14:31] request.CRITICAL: Uncaught PHP Exception Symfony\Component\ErrorHandler\Error\ClassNotFoundError: "Attempted to load class "ZipArchive" from the global namespace. Did you forget a "use" statement?" at C:\xampp\htdocs\lifestyle\src\Core\Module\SourceHandler\ZipSourceHandler.php line 89 {"exception":"[object] (Symfony\\Component\\ErrorHandler\\Error\\ClassNotFoundError(code: 0): Attempted to load class \"ZipArchive\" from the global namespace.\nDid you forget a \"use\" statement? at C:\\xampp\\htdocs\\lifestyle\\src\\Core\\Module\\SourceHandler\\ZipSourceHandler.php:89)"} []
[2024-10-19 15:14:31] security.DEBUG: Stored the security token in the session. {"key":"_security_main"} []
[2024-10-19 15:19:03] request.INFO: Matched route "admin_module_manage_action". {"route":"admin_module_manage_action","route_parameters":{"_route":"admin_module_manage_action","_controller":"PrestaShopBundle\\Controller\\Admin\\Improve\\ModuleController::moduleAction","action":"upgrade","module_name":"contactform"},"request_uri":"http://multistore.local/admin77500/index.php/improve/modules/manage/action/upgrade/contactform?_token=oUd68Xkn1VD4UipEjyPosq7XBWbg2XHc8TVpqridnnE&source=https%3A%2F%2Fapi.prestashop-project.org%2Fassets%2Fmodules%2Fcontactform%2Fv4.4.2%2Fcontactform.zip","method":"POST"} []
[2024-10-19 15:19:03] security.DEBUG: Read existing security token from the session. {"key":"_security_main","token_class":"Symfony\\Component\\Security\\Core\\Authentication\\Token\\UsernamePasswordToken"} []
[2024-10-19 15:19:03] security.DEBUG: User was reloaded from a user provider. {"provider":"PrestaShopBundle\\Security\\Admin\\EmployeeProvider","username":"bruno@life-style.pt"} []
[2024-10-19 15:19:03] http_client.INFO: Request: "HEAD https://api.prestashop-project.org/assets/modules/contactform/v4.4.2/contactform.zip" [] []
[2024-10-19 15:19:04] http_client.INFO: Response: "200 https://api.prestashop-project.org/assets/modules/contactform/v4.4.2/contactform.zip" [] []
[2024-10-19 15:19:04] http_client.INFO: Request: "GET https://api.prestashop-project.org/assets/modules/contactform/v4.4.2/contactform.zip" [] []
[2024-10-19 15:19:04] http_client.INFO: Response: "200 https://api.prestashop-project.org/assets/modules/contactform/v4.4.2/contactform.zip" [] []
[2024-10-19 15:19:07] request.CRITICAL: Uncaught PHP Exception Symfony\Component\ErrorHandler\Error\ClassNotFoundError: "Attempted to load class "ZipArchive" from the global namespace. Did you forget a "use" statement?" at C:\xampp\htdocs\lifestyle\src\Core\Module\SourceHandler\ZipSourceHandler.php line 89 {"exception":"[object] (Symfony\\Component\\ErrorHandler\\Error\\ClassNotFoundError(code: 0): Attempted to load class \"ZipArchive\" from the global namespace.\nDid you forget a \"use\" statement? at C:\\xampp\\htdocs\\lifestyle\\src\\Core\\Module\\SourceHandler\\ZipSourceHandler.php:89)"} []
[2024-10-19 15:19:07] security.DEBUG: Stored the security token in the session. {"key":"_security_main"} []
[2024-10-19 15:27:35] request.INFO: Matched route "admin_module_manage_action". {"route":"admin_module_manage_action","route_parameters":{"_route":"admin_module_manage_action","_controller":"PrestaShopBundle\\Controller\\Admin\\Improve\\ModuleController::moduleAction","action":"upgrade","module_name":"contactform"},"request_uri":"http://multistore.local/admin77500/index.php/improve/modules/manage/action/upgrade/contactform?_token=oUd68Xkn1VD4UipEjyPosq7XBWbg2XHc8TVpqridnnE&source=https%3A%2F%2Fapi.prestashop-project.org%2Fassets%2Fmodules%2Fcontactform%2Fv4.4.2%2Fcontactform.zip","method":"POST"} []
[2024-10-19 15:27:35] security.DEBUG: Read existing security token from the session. {"key":"_security_main","token_class":"Symfony\\Component\\Security\\Core\\Authentication\\Token\\UsernamePasswordToken"} []
[2024-10-19 15:27:35] security.DEBUG: User was reloaded from a user provider. {"provider":"PrestaShopBundle\\Security\\Admin\\EmployeeProvider","username":"bruno@life-style.pt"} []
[2024-10-19 15:27:35] http_client.INFO: Request: "HEAD https://api.prestashop-project.org/assets/modules/contactform/v4.4.2/contactform.zip" [] []
[2024-10-19 15:27:36] http_client.INFO: Response: "200 https://api.prestashop-project.org/assets/modules/contactform/v4.4.2/contactform.zip" [] []
[2024-10-19 15:27:36] http_client.INFO: Request: "GET https://api.prestashop-project.org/assets/modules/contactform/v4.4.2/contactform.zip" [] []
[2024-10-19 15:27:36] http_client.INFO: Response: "200 https://api.prestashop-project.org/assets/modules/contactform/v4.4.2/contactform.zip" [] []
[2024-10-19 15:27:39] request.CRITICAL: Uncaught PHP Exception Symfony\Component\ErrorHandler\Error\ClassNotFoundError: "Attempted to load class "ZipArchive" from the global namespace. Did you forget a "use" statement?" at C:\xampp\htdocs\lifestyle\src\Core\Module\SourceHandler\ZipSourceHandler.php line 89 {"exception":"[object] (Symfony\\Component\\ErrorHandler\\Error\\ClassNotFoundError(code: 0): Attempted to load class \"ZipArchive\" from the global namespace.\nDid you forget a \"use\" statement? at C:\\xampp\\htdocs\\lifestyle\\src\\Core\\Module\\SourceHandler\\ZipSourceHandler.php:89)"} []
[2024-10-19 15:27:39] security.DEBUG: Stored the security token in the session. {"key":"_security_main"} []
[2024-10-19 15:27:40] request.INFO: Matched route "admin_module_manage_action". {"route":"admin_module_manage_action","route_parameters":{"_route":"admin_module_manage_action","_controller":"PrestaShopBundle\\Controller\\Admin\\Improve\\ModuleController::moduleAction","action":"upgrade","module_name":"dashactivity"},"request_uri":"http://multistore.local/admin77500/index.php/improve/modules/manage/action/upgrade/dashactivity?_token=oUd68Xkn1VD4UipEjyPosq7XBWbg2XHc8TVpqridnnE&source=https%3A%2F%2Fapi.prestashop-project.org%2Fassets%2Fmodules%2Fdashactivity%2Fv2.1.1%2Fdashactivity.zip","method":"POST"} []
[2024-10-19 15:27:40] security.DEBUG: Read existing security token from the session. {"key":"_security_main","token_class":"Symfony\\Component\\Security\\Core\\Authentication\\Token\\UsernamePasswordToken"} []
[2024-10-19 15:27:40] security.DEBUG: User was reloaded from a user provider. {"provider":"PrestaShopBundle\\Security\\Admin\\EmployeeProvider","username":"bruno@life-style.pt"} []
[2024-10-19 15:27:40] http_client.INFO: Request: "HEAD https://api.prestashop-project.org/assets/modules/dashactivity/v2.1.1/dashactivity.zip" [] []
[2024-10-19 15:27:41] http_client.INFO: Response: "200 https://api.prestashop-project.org/assets/modules/dashactivity/v2.1.1/dashactivity.zip" [] []
[2024-10-19 15:27:41] http_client.INFO: Request: "GET https://api.prestashop-project.org/assets/modules/dashactivity/v2.1.1/dashactivity.zip" [] []
[2024-10-19 15:27:41] http_client.INFO: Response: "200 https://api.prestashop-project.org/assets/modules/dashactivity/v2.1.1/dashactivity.zip" [] []
[2024-10-19 15:27:44] request.CRITICAL: Uncaught PHP Exception Symfony\Component\ErrorHandler\Error\ClassNotFoundError: "Attempted to load class "ZipArchive" from the global namespace. Did you forget a "use" statement?" at C:\xampp\htdocs\lifestyle\src\Core\Module\SourceHandler\ZipSourceHandler.php line 89 {"exception":"[object] (Symfony\\Component\\ErrorHandler\\Error\\ClassNotFoundError(code: 0): Attempted to load class \"ZipArchive\" from the global namespace.\nDid you forget a \"use\" statement? at C:\\xampp\\htdocs\\lifestyle\\src\\Core\\Module\\SourceHandler\\ZipSourceHandler.php:89)"} []
[2024-10-19 15:27:44] security.DEBUG: Stored the security token in the session. {"key":"_security_main"} []
[2024-10-19 15:27:44] request.INFO: Matched route "admin_module_manage_action". {"route":"admin_module_manage_action","route_parameters":{"_route":"admin_module_manage_action","_controller":"PrestaShopBundle\\Controller\\Admin\\Improve\\ModuleController::moduleAction","action":"upgrade","module_name":"dashproducts"},"request_uri":"http://multistore.local/admin77500/index.php/improve/modules/manage/action/upgrade/dashproducts?_token=oUd68Xkn1VD4UipEjyPosq7XBWbg2XHc8TVpqridnnE&source=https%3A%2F%2Fapi.prestashop-project.org%2Fassets%2Fmodules%2Fdashproducts%2Fv2.1.4%2Fdashproducts.zip","method":"POST"} []
[2024-10-19 15:27:44] security.DEBUG: Read existing security token from the session. {"key":"_security_main","token_class":"Symfony\\Component\\Security\\Core\\Authentication\\Token\\UsernamePasswordToken"} []
[2024-10-19 15:27:44] security.DEBUG: User was reloaded from a user provider. {"provider":"PrestaShopBundle\\Security\\Admin\\EmployeeProvider","username":"bruno@life-style.pt"} []
[2024-10-19 15:27:44] http_client.INFO: Request: "HEAD https://api.prestashop-project.org/assets/modules/dashproducts/v2.1.4/dashproducts.zip" [] []
[2024-10-19 15:27:45] http_client.INFO: Response: "200 https://api.prestashop-project.org/assets/modules/dashproducts/v2.1.4/dashproducts.zip" [] []
[2024-10-19 15:27:45] http_client.INFO: Request: "GET https://api.prestashop-project.org/assets/modules/dashproducts/v2.1.4/dashproducts.zip" [] []
[2024-10-19 15:27:45] http_client.INFO: Response: "200 https://api.prestashop-project.org/assets/modules/dashproducts/v2.1.4/dashproducts.zip" [] []
[2024-10-19 15:27:48] request.CRITICAL: Uncaught PHP Exception Symfony\Component\ErrorHandler\Error\ClassNotFoundError: "Attempted to load class "ZipArchive" from the global namespace. Did you forget a "use" statement?" at C:\xampp\htdocs\lifestyle\src\Core\Module\SourceHandler\ZipSourceHandler.php line 89 {"exception":"[object] (Symfony\\Component\\ErrorHandler\\Error\\ClassNotFoundError(code: 0): Attempted to load class \"ZipArchive\" from the global namespace.\nDid you forget a \"use\" statement? at C:\\xampp\\htdocs\\lifestyle\\src\\Core\\Module\\SourceHandler\\ZipSourceHandler.php:89)"} []
[2024-10-19 15:27:48] security.DEBUG: Stored the security token in the session. {"key":"_security_main"} []
[2024-10-19 15:27:49] request.INFO: Matched route "admin_module_manage_action". {"route":"admin_module_manage_action","route_parameters":{"_route":"admin_module_manage_action","_controller":"PrestaShopBundle\\Controller\\Admin\\Improve\\ModuleController::moduleAction","action":"upgrade","module_name":"dashtrends"},"request_uri":"http://multistore.local/admin77500/index.php/improve/modules/manage/action/upgrade/dashtrends?_token=oUd68Xkn1VD4UipEjyPosq7XBWbg2XHc8TVpqridnnE&source=https%3A%2F%2Fapi.prestashop-project.org%2Fassets%2Fmodules%2Fdashtrends%2Fv2.1.3%2Fdashtrends.zip","method":"POST"} []
[2024-10-19 15:27:49] security.DEBUG: Read existing security token from the session. {"key":"_security_main","token_class":"Symfony\\Component\\Security\\Core\\Authentication\\Token\\UsernamePasswordToken"} []
[2024-10-19 15:27:49] security.DEBUG: User was reloaded from a user provider. {"provider":"PrestaShopBundle\\Security\\Admin\\EmployeeProvider","username":"bruno@life-style.pt"} []
[2024-10-19 15:27:49] http_client.INFO: Request: "HEAD https://api.prestashop-project.org/assets/modules/dashtrends/v2.1.3/dashtrends.zip" [] []
[2024-10-19 15:27:50] http_client.INFO: Response: "200 https://api.prestashop-project.org/assets/modules/dashtrends/v2.1.3/dashtrends.zip" [] []
[2024-10-19 15:27:50] http_client.INFO: Request: "GET https://api.prestashop-project.org/assets/modules/dashtrends/v2.1.3/dashtrends.zip" [] []
[2024-10-19 15:27:50] http_client.INFO: Response: "200 https://api.prestashop-project.org/assets/modules/dashtrends/v2.1.3/dashtrends.zip" [] []
[2024-10-19 15:27:53] request.CRITICAL: Uncaught PHP Exception Symfony\Component\ErrorHandler\Error\ClassNotFoundError: "Attempted to load class "ZipArchive" from the global namespace. Did you forget a "use" statement?" at C:\xampp\htdocs\lifestyle\src\Core\Module\SourceHandler\ZipSourceHandler.php line 89 {"exception":"[object] (Symfony\\Component\\ErrorHandler\\Error\\ClassNotFoundError(code: 0): Attempted to load class \"ZipArchive\" from the global namespace.\nDid you forget a \"use\" statement? at C:\\xampp\\htdocs\\lifestyle\\src\\Core\\Module\\SourceHandler\\ZipSourceHandler.php:89)"} []
[2024-10-19 15:27:53] security.DEBUG: Stored the security token in the session. {"key":"_security_main"} []
[2024-10-19 15:27:53] request.INFO: Matched route "admin_module_manage_action". {"route":"admin_module_manage_action","route_parameters":{"_route":"admin_module_manage_action","_controller":"PrestaShopBundle\\Controller\\Admin\\Improve\\ModuleController::moduleAction","action":"upgrade","module_name":"gsitemap"},"request_uri":"http://multistore.local/admin77500/index.php/improve/modules/manage/action/upgrade/gsitemap?_token=oUd68Xkn1VD4UipEjyPosq7XBWbg2XHc8TVpqridnnE&source=https%3A%2F%2Fapi.prestashop-project.org%2Fassets%2Fmodules%2Fgsitemap%2Fv4.4.0%2Fgsitemap.zip","method":"POST"} []
[2024-10-19 15:27:53] security.DEBUG: Read existing security token from the session. {"key":"_security_main","token_class":"Symfony\\Component\\Security\\Core\\Authentication\\Token\\UsernamePasswordToken"} []
[2024-10-19 15:27:53] security.DEBUG: User was reloaded from a user provider. {"provider":"PrestaShopBundle\\Security\\Admin\\EmployeeProvider","username":"bruno@life-style.pt"} []
[2024-10-19 15:27:54] http_client.INFO: Request: "HEAD https://api.prestashop-project.org/assets/modules/gsitemap/v4.4.0/gsitemap.zip" [] []
[2024-10-19 15:27:54] http_client.INFO: Response: "200 https://api.prestashop-project.org/assets/modules/gsitemap/v4.4.0/gsitemap.zip" [] []
[2024-10-19 15:27:54] http_client.INFO: Request: "GET https://api.prestashop-project.org/assets/modules/gsitemap/v4.4.0/gsitemap.zip" [] []
[2024-10-19 15:27:54] http_client.INFO: Response: "200 https://api.prestashop-project.org/assets/modules/gsitemap/v4.4.0/gsitemap.zip" [] []
[2024-10-19 15:27:58] request.CRITICAL: Uncaught PHP Exception Symfony\Component\ErrorHandler\Error\ClassNotFoundError: "Attempted to load class "ZipArchive" from the global namespace. Did you forget a "use" statement?" at C:\xampp\htdocs\lifestyle\src\Core\Module\SourceHandler\ZipSourceHandler.php line 89 {"exception":"[object] (Symfony\\Component\\ErrorHandler\\Error\\ClassNotFoundError(code: 0): Attempted to load class \"ZipArchive\" from the global namespace.\nDid you forget a \"use\" statement? at C:\\xampp\\htdocs\\lifestyle\\src\\Core\\Module\\SourceHandler\\ZipSourceHandler.php:89)"} []
[2024-10-19 15:27:58] security.DEBUG: Stored the security token in the session. {"key":"_security_main"} []
[2024-10-19 15:27:57] request.INFO: Matched route "admin_module_manage_action". {"route":"admin_module_manage_action","route_parameters":{"_route":"admin_module_manage_action","_controller":"PrestaShopBundle\\Controller\\Admin\\Improve\\ModuleController::moduleAction","action":"upgrade","module_name":"pagesnotfound"},"request_uri":"http://multistore.local/admin77500/index.php/improve/modules/manage/action/upgrade/pagesnotfound?_token=oUd68Xkn1VD4UipEjyPosq7XBWbg2XHc8TVpqridnnE&source=https%3A%2F%2Fapi.prestashop-project.org%2Fassets%2Fmodules%2Fpagesnotfound%2Fv2.0.3%2Fpagesnotfound.zip","method":"POST"} []
[2024-10-19 15:27:59] security.DEBUG: Read existing security token from the session. {"key":"_security_main","token_class":"Symfony\\Component\\Security\\Core\\Authentication\\Token\\UsernamePasswordToken"} []
[2024-10-19 15:27:59] security.DEBUG: User was reloaded from a user provider. {"provider":"PrestaShopBundle\\Security\\Admin\\EmployeeProvider","username":"bruno@life-style.pt"} []
[2024-10-19 15:27:59] http_client.INFO: Request: "HEAD https://api.prestashop-project.org/assets/modules/pagesnotfound/v2.0.3/pagesnotfound.zip" [] []
[2024-10-19 15:28:00] http_client.INFO: Response: "200 https://api.prestashop-project.org/assets/modules/pagesnotfound/v2.0.3/pagesnotfound.zip" [] []
[2024-10-19 15:28:00] http_client.INFO: Request: "GET https://api.prestashop-project.org/assets/modules/pagesnotfound/v2.0.3/pagesnotfound.zip" [] []
[2024-10-19 15:28:00] http_client.INFO: Response: "200 https://api.prestashop-project.org/assets/modules/pagesnotfound/v2.0.3/pagesnotfound.zip" [] []
[2024-10-19 15:28:03] request.CRITICAL: Uncaught PHP Exception Symfony\Component\ErrorHandler\Error\ClassNotFoundError: "Attempted to load class "ZipArchive" from the global namespace. Did you forget a "use" statement?" at C:\xampp\htdocs\lifestyle\src\Core\Module\SourceHandler\ZipSourceHandler.php line 89 {"exception":"[object] (Symfony\\Component\\ErrorHandler\\Error\\ClassNotFoundError(code: 0): Attempted to load class \"ZipArchive\" from the global namespace.\nDid you forget a \"use\" statement? at C:\\xampp\\htdocs\\lifestyle\\src\\Core\\Module\\SourceHandler\\ZipSourceHandler.php:89)"} []
[2024-10-19 15:28:03] security.DEBUG: Stored the security token in the session. {"key":"_security_main"} []
[2024-10-19 15:28:12] request.CRITICAL: Uncaught PHP Exception Twig\Error\LoaderError: "Malformed namespaced template name "@ModuleAutoUpgrade:error.twig" (expecting "@namespace/template_name")." at C:\xampp\htdocs\lifestyle\vendor\twig\twig\src\Loader\FilesystemLoader.php line 239 {"exception":"[object] (Twig\\Error\\LoaderError(code: 0): Malformed namespaced template name \"@ModuleAutoUpgrade:error.twig\" (expecting \"@namespace/template_name\"). at C:\\xampp\\htdocs\\lifestyle\\vendor\\twig\\twig\\src\\Loader\\FilesystemLoader.php:239)"} []
[2024-10-19 17:04:13] request.INFO: Matched route "admin_common_notifications". {"route":"admin_common_notifications","route_parameters":{"_route":"admin_common_notifications","_controller":"PrestaShopBundle\\Controller\\Admin\\CommonController::notificationsAction","_legacy_link":"AdminCommon"},"request_uri":"http://multistore.local/admin77500/index.php/common/notifications?_token=vUMbCVdsdg1muFPtlKP4EvOBpRUerdqrIVCwhrZzDgo&rand=1729353852280","method":"POST"} []
[2024-10-19 17:07:40] request.CRITICAL: Uncaught PHP Exception Symfony\Component\ErrorHandler\Error\FatalError: "Error: Maximum execution time of 120 seconds exceeded" at C:\xampp\htdocs\lifestyle\vendor\symfony\symfony\src\Symfony\Component\HttpFoundation\Session\Storage\Handler\StrictSessionHandler.php line 59 {"exception":"[object] (Symfony\\Component\\ErrorHandler\\Error\\FatalError(code: 0): Error: Maximum execution time of 120 seconds exceeded at C:\\xampp\\htdocs\\lifestyle\\vendor\\symfony\\symfony\\src\\Symfony\\Component\\HttpFoundation\\Session\\Storage\\Handler\\StrictSessionHandler.php:59)"} []
[2024-10-19 17:07:43] request.CRITICAL: Exception thrown when handling an exception (RuntimeException: Failed to start the session: already started by PHP. at C:\xampp\htdocs\lifestyle\vendor\symfony\symfony\src\Symfony\Component\HttpFoundation\Session\Storage\NativeSessionStorage.php line 148) {"exception":"[object] (RuntimeException(code: 0): Failed to start the session: already started by PHP. at C:\\xampp\\htdocs\\lifestyle\\vendor\\symfony\\symfony\\src\\Symfony\\Component\\HttpFoundation\\Session\\Storage\\NativeSessionStorage.php:148)"} []
